   1              		.cpu cortex-m0plus
   2              		.fpu softvfp
   3              		.eabi_attribute 20, 1
   4              		.eabi_attribute 21, 1
   5              		.eabi_attribute 23, 3
   6              		.eabi_attribute 24, 1
   7              		.eabi_attribute 25, 1
   8              		.eabi_attribute 26, 1
   9              		.eabi_attribute 30, 4
  10              		.eabi_attribute 34, 0
  11              		.eabi_attribute 18, 4
  12              		.code	16
  13              		.file	"board_driver_led.c"
  14              		.section	.text.LED_pulse,"ax",%progbits
  15              		.align	1
  16              		.global	LED_pulse
  17              		.code	16
  18              		.thumb_func
  20              	LED_pulse:
  21 0000 10B5     		push	{r4, lr}
  22 0002 2149     		ldr	r1, .L11
  23 0004 214B     		ldr	r3, .L11+4
  24 0006 0A78     		ldrb	r2, [r1]
  25 0008 002A     		cmp	r2, #0
  26 000a 09D1     		bne	.L2
  27 000c 204A     		ldr	r2, .L11+8
  28 000e 1878     		ldrb	r0, [r3]
  29 0010 1278     		ldrb	r2, [r2]
  30 0012 8218     		add	r2, r0, r2
  31 0014 D2B2     		uxtb	r2, r2
  32 0016 1A70     		strb	r2, [r3]
  33 0018 8020     		mov	r0, #128
  34 001a 1E4A     		ldr	r2, .L11+12
  35 001c 8002     		lsl	r0, r0, #10
  36 001e D061     		str	r0, [r2, #28]
  37              	.L2:
  38 0020 0A78     		ldrb	r2, [r1]
  39 0022 0132     		add	r2, r2, #1
  40 0024 D2B2     		uxtb	r2, r2
  41 0026 0A70     		strb	r2, [r1]
  42 0028 1A78     		ldrb	r2, [r3]
  43 002a F02A     		cmp	r2, #240
  44 002c 08D9     		bls	.L3
  45 002e 184A     		ldr	r2, .L11+8
  46 0030 1078     		ldrb	r0, [r2]
  47 0032 4042     		neg	r0, r0
  48 0034 C0B2     		uxtb	r0, r0
  49 0036 1070     		strb	r0, [r2]
  50 0038 1878     		ldrb	r0, [r3]
  51 003a 1278     		ldrb	r2, [r2]
  52 003c 8218     		add	r2, r0, r2
  53 003e 17E0     		b	.L9
  54              	.L3:
  55 0040 154A     		ldr	r2, .L11+16
  56 0042 1C78     		ldrb	r4, [r3]
  57 0044 1078     		ldrb	r0, [r2]
  58 0046 8442     		cmp	r4, r0
  59 0048 14D2     		bcs	.L4
  60 004a 1148     		ldr	r0, .L11+8
  61 004c 0478     		ldrb	r4, [r0]
  62 004e 64B2     		sxtb	r4, r4
  63 0050 002C     		cmp	r4, #0
  64 0052 0FDA     		bge	.L4
  65 0054 1478     		ldrb	r4, [r2]
  66 0056 052C     		cmp	r4, #5
  67 0058 01D1     		bne	.L5
  68 005a 4624     		mov	r4, #70
  69 005c 00E0     		b	.L8
  70              	.L5:
  71 005e 0524     		mov	r4, #5
  72              	.L8:
  73 0060 1470     		strb	r4, [r2]
  74 0062 0278     		ldrb	r2, [r0]
  75 0064 5242     		neg	r2, r2
  76 0066 D2B2     		uxtb	r2, r2
  77 0068 0270     		strb	r2, [r0]
  78 006a 1C78     		ldrb	r4, [r3]
  79 006c 0278     		ldrb	r2, [r0]
  80 006e A218     		add	r2, r4, r2
  81              	.L9:
  82 0070 D2B2     		uxtb	r2, r2
  83 0072 1A70     		strb	r2, [r3]
  84              	.L4:
  85 0074 0A78     		ldrb	r2, [r1]
  86 0076 1B78     		ldrb	r3, [r3]
  87 0078 9A42     		cmp	r2, r3
  88 007a 03D1     		bne	.L1
  89 007c 8022     		mov	r2, #128
  90 007e 054B     		ldr	r3, .L11+12
  91 0080 9202     		lsl	r2, r2, #10
  92 0082 DA61     		str	r2, [r3, #28]
  93              	.L1:
  94              		@ sp needed
  95 0084 10BD     		pop	{r4, pc}
  96              	.L12:
  97 0086 C046     		.align	2
  98              	.L11:
  99 0088 00000000 		.word	.LANCHOR0
 100 008c 00000000 		.word	.LANCHOR1
 101 0090 00000000 		.word	.LANCHOR2
 102 0094 00280040 		.word	1073752064
 103 0098 00000000 		.word	.LANCHOR3
 105              		.section	.text.LED_status,"ax",%progbits
 106              		.align	1
 107              		.global	LED_status
 108              		.code	16
 109              		.thumb_func
 111              	LED_status:
 112 0000 10B5     		push	{r4, lr}
 113              	@ 71 "C:\Users\Jelle\AppData\Local/Arduino15/packages/arduino/tools/CMSIS/4.5.0/CMSIS/Include/cmsis
 114 0002 72B6     		cpsid i
 115              	@ 0 "" 2
 116              		.code	16
 117 0004 FA24     		mov	r4, #250
 118 0006 6400     		lsl	r4, r4, #1
 119 0008 4443     		mul	r4, r0
 120              	.L14:
 121 000a 044B     		ldr	r3, .L15
 122 000c 8022     		mov	r2, #128
 123 000e 9202     		lsl	r2, r2, #10
 124 0010 DA61     		str	r2, [r3, #28]
 125 0012 201C     		mov	r0, r4
 126 0014 FFF7FEFF 		bl	delayUs
 127 0018 F7E7     		b	.L14
 128              	.L16:
 129 001a C046     		.align	2
 130              	.L15:
 131 001c 00280040 		.word	1073752064
 133              		.global	ledTargetValueMin
 134              		.global	ledDirection
 135              		.global	ledTargetValue
 136              		.global	ledKeepValue
 137              		.section	.data.ledDirection,"aw",%progbits
 138              		.set	.LANCHOR2,. + 0
 141              	ledDirection:
 142 0000 08       		.byte	8
 143              		.section	.bss.ledKeepValue,"aw",%nobits
 144              		.set	.LANCHOR0,. + 0
 147              	ledKeepValue:
 148 0000 00       		.space	1
 149              		.section	.data.ledTargetValue,"aw",%progbits
 150              		.set	.LANCHOR1,. + 0
 153              	ledTargetValue:
 154 0000 14       		.byte	20
 155              		.section	.data.ledTargetValueMin,"aw",%progbits
 156              		.set	.LANCHOR3,. + 0
 159              	ledTargetValueMin:
 160 0000 05       		.byte	5
 161              		.ident	"GCC: (GNU Tools for ARM Embedded Processors) 4.8.3 20140228 (release) [ARM/embedded-4_8-br
DEFINED SYMBOLS
                            *ABS*:00000000 board_driver_led.c
C:\Users\Jelle\AppData\Local\Temp\ccntvgi2.s:15     .text.LED_pulse:00000000 $t
C:\Users\Jelle\AppData\Local\Temp\ccntvgi2.s:20     .text.LED_pulse:00000000 LED_pulse
C:\Users\Jelle\AppData\Local\Temp\ccntvgi2.s:99     .text.LED_pulse:00000088 $d
C:\Users\Jelle\AppData\Local\Temp\ccntvgi2.s:106    .text.LED_status:00000000 $t
C:\Users\Jelle\AppData\Local\Temp\ccntvgi2.s:111    .text.LED_status:00000000 LED_status
C:\Users\Jelle\AppData\Local\Temp\ccntvgi2.s:131    .text.LED_status:0000001c $d
C:\Users\Jelle\AppData\Local\Temp\ccntvgi2.s:159    .data.ledTargetValueMin:00000000 ledTargetValueMin
C:\Users\Jelle\AppData\Local\Temp\ccntvgi2.s:141    .data.ledDirection:00000000 ledDirection
C:\Users\Jelle\AppData\Local\Temp\ccntvgi2.s:153    .data.ledTargetValue:00000000 ledTargetValue
C:\Users\Jelle\AppData\Local\Temp\ccntvgi2.s:147    .bss.ledKeepValue:00000000 ledKeepValue
C:\Users\Jelle\AppData\Local\Temp\ccntvgi2.s:148    .bss.ledKeepValue:00000000 $d

UNDEFINED SYMBOLS
delayUs
